#
# A fatal error has been detected by the Java Runtime Environment:
#
#  SIGSEGV (0xb) at pc=0x00007f54010693fa, pid=2602, tid=139998586062592
#
# JRE version: OpenJDK Runtime Environment (8.0_40-b09) (build 1.8.0_40-internal-b09)
# Java VM: OpenJDK 64-Bit Server VM (25.40-b13 mixed mode linux-amd64 compressed oops)
# Problematic frame:
# v  ~BufferBlob::jni_fast_GetLongField
#
# Failed to write core dump. Core dumps have been disabled. To enable core dumping, try "ulimit -c unlimited" before starting Java again
#
# If you would like to submit a bug report, please visit:
#   http://bugreport.sun.com/bugreport/crash.jsp
# The crash happened outside the Java Virtual Machine in native code.
# See problematic frame for where to report the bug.
#

---------------  T H R E A D  ---------------

Current thread (0x00007f54102e8800):  JavaThread "AWT-XAWT" daemon [_thread_in_native, id=2618, stack(0x00007f53f5edc000,0x00007f53f5fdd000)]

siginfo: si_signo: 11 (SIGSEGV), si_code: 1 (SEGV_MAPERR), si_addr: 0x0000000000000000

Registers:
RAX=0x00007f5416d3cfc0, RBX=0x00007f54102e89d8, RCX=0x0000000000000000, RDX=0x0000000000000042
RSP=0x00007f53f5fdb898, RBP=0x00007f53f5fdb8c0, RSI=0x0000000000000000, RDI=0x00007f54102e89d8
R8 =0x00007f53f78b3250, R9 =0x0000000000000000, R10=0x00000000000000ae, R11=0x00000000c29cf420
R12=0x00007f53b400d440, R13=0x0000000000000000, R14=0x00007f53f7fffc80, R15=0x00007f54102e8800
RIP=0x00007f54010693fa, EFLAGS=0x0000000000010246, CSGSFS=0x0000000000000033, ERR=0x0000000000000004
  TRAPNO=0x000000000000000e

Top of Stack: (sp=0x00007f53f5fdb898)
0x00007f53f5fdb898:   00007f53f7ddc5e4 00007f54102e89d8
0x00007f53f5fdb8a8:   00007f53b400d440 0000000000000000
0x00007f53f5fdb8b8:   00007f53f5fdb960 0000000000000000
0x00007f53f5fdb8c8:   00007f53f78bb4e0 00007f54102e89d8
0x00007f53f5fdb8d8:   00007f53f5fdb920 00007f53bc002e40
0x00007f53f5fdb8e8:   00007f53f78b3273 0000000000000000
0x00007f53f5fdb8f8:   00007f53f7dd2cb9 00007f53bc002e40
0x00007f53f5fdb908:   00007f53fe560e40 0000000000000000
0x00007f53f5fdb918:   00007f53f5fdb990 00007f53f5fdb970
0x00007f53f5fdb928:   00007f54012295b6 0000000000000000
0x00007f53f5fdb938:   00007f54012051f6 00007f53f5fdb990
0x00007f53f5fdb948:   00007f5401172f6c 00000000c288f458
0x00007f53f5fdb958:   00000000eba25738 00000000c2800978
0x00007f53f5fdb968:   00000000c29375f0 00007f53f5fdb9f0
0x00007f53f5fdb978:   00007f5401007160 00007f53f5fdb9f0
0x00007f53f5fdb988:   00007f5401007160 0000000000000000
0x00007f53f5fdb998:   00007f54010074a0 00007f53bc002e40
0x00007f53f5fdb9a8:   00000000c288f458 00007f53f5fdb9b0
0x00007f53f5fdb9b8:   00007f53fe69e294 00007f53f5fdba38
0x00007f53f5fdb9c8:   00007f53fe6a7350 0000000000000000
0x00007f53f5fdb9d8:   00007f53fe69e3c8 00007f53f5fdb990
0x00007f53f5fdb9e8:   00007f53f5fdba30 00007f53f5fdba80
0x00007f53f5fdb9f8:   00007f540100798d 0000000000000000
0x00007f53f5fdba08:   00000000c28d03c0 0000000000000000
0x00007f53f5fdba18:   0000000000000000 0000000000000000
0x00007f53f5fdba28:   00000000c288f458 0000000000000000
0x00007f53f5fdba38:   00000000c288f3f8 00007f53f5fdba40
0x00007f53f5fdba48:   00007f53fe69e0d5 00007f53f5fdba90
0x00007f53f5fdba58:   00007f53fe6a7350 0000000000000000
0x00007f53f5fdba68:   00007f53fe69e0e0 00007f53f5fdba30
0x00007f53f5fdba78:   00007f53f5fdba90 00007f53f5fdbad8
0x00007f53f5fdba88:   00007f54010079d2 00000000c288f3f8 

Instructions: (pc=0x00007f54010693fa)
0x00007f54010693da:   00 00 00 00 00 00 44 8b 15 cd 12 d0 15 4c 8b ce
0x00007f54010693ea:   41 f6 c2 01 0f 85 2e 00 00 00 4d 33 ca 4d 33 ca
0x00007f54010693fa:   4d 8b 09 4c 8b da 49 c1 eb 02 4b 8b 04 19 49 bb
0x00007f540106940a:   b4 a6 d6 16 54 7f 00 00 4c 33 d8 4c 33 d8 45 3b 

Register to memory mapping:

RAX=0x00007f5416d3cfc0: <offset 0xf2efc0> in /usr/lib/jvm/java-8-openjdk-amd64/jre/lib/amd64/server/libjvm.so at 0x00007f5415e0e000
RBX=0x00007f54102e89d8 is an unknown value
RCX=0x0000000000000000 is an unknown value
RDX=0x0000000000000042 is an unknown value
RSP=0x00007f53f5fdb898 is pointing into the stack for thread: 0x00007f54102e8800
RBP=0x00007f53f5fdb8c0 is pointing into the stack for thread: 0x00007f54102e8800
RSI=0x0000000000000000 is an unknown value
RDI=0x00007f54102e89d8 is an unknown value
R8 =0x00007f53f78b3250: <offset 0x5a250> in /usr/lib/x86_64-linux-gnu/libX11.so.6 at 0x00007f53f7859000
R9 =0x0000000000000000 is an unknown value
R10=0x00000000000000ae is an unknown value
R11=0x00000000c29cf420 is an oop
java.util.concurrent.locks.ReentrantLock$NonfairSync 
 - klass: 'java/util/concurrent/locks/ReentrantLock$NonfairSync'
R12=0x00007f53b400d440 is an unknown value
R13=0x0000000000000000 is an unknown value
R14=0x00007f53f7fffc80: <offset 0x25bc80> in /usr/lib/jvm/java-8-openjdk-amd64/jre/lib/amd64/libawt_xawt.so at 0x00007f53f7da4000
R15=0x00007f54102e8800 is a thread


Stack: [0x00007f53f5edc000,0x00007f53f5fdd000],  sp=0x00007f53f5fdb898,  free space=1022k
Native frames: (J=compiled Java code, j=interpreted, Vv=VM code, C=native code)
v  ~BufferBlob::jni_fast_GetLongField
C  [libX11.so.6+0x624e0]  _XimServerDestroy+0x70

Java frames: (J=compiled Java code, j=interpreted, Vv=VM code)
J 559  sun.awt.X11.XlibWrapper.XFilterEvent(JJ)Z (0 bytes) @ 0x00007f5401229544 [0x00007f5401229500+0x44]
j  sun.awt.X11.XToolkit.run(Z)V+300
j  sun.awt.X11.XToolkit.run()V+5
j  java.lang.Thread.run()V+11
v  ~StubRoutines::call_stub

---------------  P R O C E S S  ---------------

Java Threads: ( => current thread )
  0x00007f5410009800 JavaThread "DestroyJavaVM" [_thread_blocked, id=2603, stack(0x00007f5417a99000,0x00007f5417b9a000)]
  0x00007f53b4018000 JavaThread "TimerQueue" daemon [_thread_blocked, id=2621, stack(0x00007f53f53af000,0x00007f53f54b0000)]
  0x00007f541033b000 JavaThread "AWT-EventQueue-0" [_thread_blocked, id=2620, stack(0x00007f53f58b0000,0x00007f53f59b1000)]
  0x00007f5410336800 JavaThread "AWT-Shutdown" [_thread_blocked, id=2619, stack(0x00007f53f59b1000,0x00007f53f5ab2000)]
=>0x00007f54102e8800 JavaThread "AWT-XAWT" daemon [_thread_in_native, id=2618, stack(0x00007f53f5edc000,0x00007f53f5fdd000)]
  0x00007f54102c3800 JavaThread "Java2D Disposer" daemon [_thread_blocked, id=2617, stack(0x00007f53f63ed000,0x00007f53f64ee000)]
  0x00007f54101c3800 JavaThread "Service Thread" daemon [_thread_blocked, id=2615, stack(0x00007f53fc4cd000,0x00007f53fc5ce000)]
  0x00007f54100b2000 JavaThread "C1 CompilerThread2" daemon [_thread_blocked, id=2614, stack(0x00007f53fc5ce000,0x00007f53fc6cf000)]
  0x00007f54100b0000 JavaThread "C2 CompilerThread1" daemon [_thread_blocked, id=2613, stack(0x00007f53fc6cf000,0x00007f53fc7d0000)]
  0x00007f54100ad000 JavaThread "C2 CompilerThread0" daemon [_thread_blocked, id=2612, stack(0x00007f53fc7d0000,0x00007f53fc8d1000)]
  0x00007f54100ab000 JavaThread "Signal Dispatcher" daemon [_thread_blocked, id=2611, stack(0x00007f53fc8d1000,0x00007f53fc9d2000)]
  0x00007f541007e800 JavaThread "Finalizer" daemon [_thread_blocked, id=2610, stack(0x00007f53fcca0000,0x00007f53fcda1000)]
  0x00007f541007c800 JavaThread "Reference Handler" daemon [_thread_blocked, id=2609, stack(0x00007f53fcda1000,0x00007f53fcea2000)]

Other Threads:
  0x00007f5410077000 VMThread [stack: 0x00007f53fcea2000,0x00007f53fcfa3000] [id=2608]
  0x00007f54101c6000 WatcherThread [stack: 0x00007f53fc3cc000,0x00007f53fc4cd000] [id=2616]

VM state:not at safepoint (normal execution)

VM Mutex/Monitor currently owned by a thread: None

Heap:
 PSYoungGen      total 18432K, used 2356K [0x00000000eb800000, 0x00000000ecc80000, 0x0000000100000000)
  eden space 15872K, 14% used [0x00000000eb800000,0x00000000eba4d3d0,0x00000000ec780000)
  from space 2560K, 0% used [0x00000000eca00000,0x00000000eca00000,0x00000000ecc80000)
  to   space 2560K, 0% used [0x00000000ec780000,0x00000000ec780000,0x00000000eca00000)
 ParOldGen       total 42496K, used 3510K [0x00000000c2800000, 0x00000000c5180000, 0x00000000eb800000)
  object space 42496K, 8% used [0x00000000c2800000,0x00000000c2b6d840,0x00000000c5180000)
 Metaspace       used 15287K, capacity 15460K, committed 15616K, reserved 1062912K
  class space    used 1708K, capacity 1756K, committed 1792K, reserved 1048576K

Card table byte_map: [0x00007f5400e13000,0x00007f5401000000] byte_map_base: 0x00007f54007ff000

Marking Bits: (ParMarkBitMap*) 0x00007f5416d69cc0
 Begin Bits: [0x00007f53feb4f000, 0x00007f53ffaaf000)
 End Bits:   [0x00007f53ffaaf000, 0x00007f5400a0f000)

Polling page: 0x00007f5417bb3000

CodeCache: size=245760Kb used=6056Kb max_used=6128Kb free=239703Kb
 bounds [0x00007f5401000000, 0x00007f5401610000, 0x00007f5410000000]
 total_blobs=2407 nmethods=1816 adapters=504
 compilation: enabled

Compilation events (10 events):
Event: 489,796 Thread 0x00007f54100b2000 1875       3       java.util.WeakHashMap::get (77 bytes)
Event: 489,798 Thread 0x00007f54100b2000 nmethod 1875 0x00007f54015ed8d0 code [0x00007f54015edac0, 0x00007f54015ee348]
Event: 535,891 Thread 0x00007f54100b2000 1876  s    3       java.util.Vector::iterator (10 bytes)
Event: 535,891 Thread 0x00007f54100b2000 nmethod 1876 0x00007f540110d950 code [0x00007f540110dae0, 0x00007f540110df50]
Event: 535,891 Thread 0x00007f54100b2000 1877       3       java.util.Vector$Itr::<init> (6 bytes)
Event: 535,892 Thread 0x00007f54100b2000 nmethod 1877 0x00007f5401141bd0 code [0x00007f5401141d40, 0x00007f5401141f70]
Event: 537,824 Thread 0x00007f54100b2000 1878       3       java.util.Vector::<init> (53 bytes)
Event: 537,825 Thread 0x00007f54100b2000 nmethod 1878 0x00007f5401151d50 code [0x00007f5401151f00, 0x00007f54011523b8]
Event: 537,825 Thread 0x00007f54100b2000 1879  s    3       java.util.Vector::toArray (12 bytes)
Event: 537,825 Thread 0x00007f54100b2000 nmethod 1879 0x00007f54011af590 code [0x00007f54011af700, 0x00007f54011afb08]

GC Heap History (10 events):
Event: 66,732 GC heap before
{Heap before GC invocations=4 (full 2):
 PSYoungGen      total 18432K, used 635K [0x00000000eb800000, 0x00000000ecc80000, 0x0000000100000000)
  eden space 15872K, 0% used [0x00000000eb800000,0x00000000eb800000,0x00000000ec780000)
  from space 2560K, 24% used [0x00000000eca00000,0x00000000eca9ed78,0x00000000ecc80000)
  to   space 2560K, 0% used [0x00000000ec780000,0x00000000ec780000,0x00000000eca00000)
 ParOldGen       total 42496K, used 3612K [0x00000000c2800000, 0x00000000c5180000, 0x00000000eb800000)
  object space 42496K, 8% used [0x00000000c2800000,0x00000000c2b87218,0x00000000c5180000)
 Metaspace       used 15090K, capacity 15332K, committed 15616K, reserved 1062912K
  class space    used 1706K, capacity 1756K, committed 1792K, reserved 1048576K
Event: 66,782 GC heap after
Heap after GC invocations=4 (full 2):
 PSYoungGen      total 18432K, used 0K [0x00000000eb800000, 0x00000000ecc80000, 0x0000000100000000)
  eden space 15872K, 0% used [0x00000000eb800000,0x00000000eb800000,0x00000000ec780000)
  from space 2560K, 0% used [0x00000000eca00000,0x00000000eca00000,0x00000000ecc80000)
  to   space 2560K, 0% used [0x00000000ec780000,0x00000000ec780000,0x00000000eca00000)
 ParOldGen       total 42496K, used 3500K [0x00000000c2800000, 0x00000000c5180000, 0x00000000eb800000)
  object space 42496K, 8% used [0x00000000c2800000,0x00000000c2b6b060,0x00000000c5180000)
 Metaspace       used 15090K, capacity 15332K, committed 15616K, reserved 1062912K
  class space    used 1706K, capacity 1756K, committed 1792K, reserved 1048576K
}
Event: 203,913 GC heap before
{Heap before GC invocations=5 (full 2):
 PSYoungGen      total 18432K, used 3842K [0x00000000eb800000, 0x00000000ecc80000, 0x0000000100000000)
  eden space 15872K, 24% used [0x00000000eb800000,0x00000000ebbc0b08,0x00000000ec780000)
  from space 2560K, 0% used [0x00000000eca00000,0x00000000eca00000,0x00000000ecc80000)
  to   space 2560K, 0% used [0x00000000ec780000,0x00000000ec780000,0x00000000eca00000)
 ParOldGen       total 42496K, used 3500K [0x00000000c2800000, 0x00000000c5180000, 0x00000000eb800000)
  object space 42496K, 8% used [0x00000000c2800000,0x00000000c2b6b060,0x00000000c5180000)
 Metaspace       used 15246K, capacity 15460K, committed 15616K, reserved 1062912K
  class space    used 1707K, capacity 1756K, committed 1792K, reserved 1048576K
Event: 203,915 GC heap after
Heap after GC invocations=5 (full 2):
 PSYoungGen      total 18432K, used 160K [0x00000000eb800000, 0x00000000ecc80000, 0x0000000100000000)
  eden space 15872K, 0% used [0x00000000eb800000,0x00000000eb800000,0x00000000ec780000)
  from space 2560K, 6% used [0x00000000ec780000,0x00000000ec7a8000,0x00000000eca00000)
  to   space 2560K, 0% used [0x00000000eca00000,0x00000000eca00000,0x00000000ecc80000)
 ParOldGen       total 42496K, used 3508K [0x00000000c2800000, 0x00000000c5180000, 0x00000000eb800000)
  object space 42496K, 8% used [0x00000000c2800000,0x00000000c2b6d060,0x00000000c5180000)
 Metaspace       used 15246K, capacity 15460K, committed 15616K, reserved 1062912K
  class space    used 1707K, capacity 1756K, committed 1792K, reserved 1048576K
}
Event: 203,916 GC heap before
{Heap before GC invocations=6 (full 3):
 PSYoungGen      total 18432K, used 160K [0x00000000eb800000, 0x00000000ecc80000, 0x0000000100000000)
  eden space 15872K, 0% used [0x00000000eb800000,0x00000000eb800000,0x00000000ec780000)
  from space 2560K, 6% used [0x00000000ec780000,0x00000000ec7a8000,0x00000000eca00000)
  to   space 2560K, 0% used [0x00000000eca00000,0x00000000eca00000,0x00000000ecc80000)
 ParOldGen       total 42496K, used 3508K [0x00000000c2800000, 0x00000000c5180000, 0x00000000eb800000)
  object space 42496K, 8% used [0x00000000c2800000,0x00000000c2b6d060,0x00000000c5180000)
 Metaspace       used 15246K, capacity 15460K, committed 15616K, reserved 1062912K
  class space    used 1707K, capacity 1756K, committed 1792K, reserved 1048576K
Event: 203,975 GC heap after
Heap after GC invocations=6 (full 3):
 PSYoungGen      total 18432K, used 0K [0x00000000eb800000, 0x00000000ecc80000, 0x0000000100000000)
  eden space 15872K, 0% used [0x00000000eb800000,0x00000000eb800000,0x00000000ec780000)
  from space 2560K, 0% used [0x00000000ec780000,0x00000000ec780000,0x00000000eca00000)
  to   space 2560K, 0% used [0x00000000eca00000,0x00000000eca00000,0x00000000ecc80000)
 ParOldGen       total 42496K, used 3508K [0x00000000c2800000, 0x00000000c5180000, 0x00000000eb800000)
  object space 42496K, 8% used [0x00000000c2800000,0x00000000c2b6d030,0x00000000c5180000)
 Metaspace       used 15246K, capacity 15460K, committed 15616K, reserved 1062912K
  class space    used 1707K, capacity 1756K, committed 1792K, reserved 1048576K
}
Event: 464,554 GC heap before
{Heap before GC invocations=7 (full 3):
 PSYoungGen      total 18432K, used 3400K [0x00000000eb800000, 0x00000000ecc80000, 0x0000000100000000)
  eden space 15872K, 21% used [0x00000000eb800000,0x00000000ebb52160,0x00000000ec780000)
  from space 2560K, 0% used [0x00000000ec780000,0x00000000ec780000,0x00000000eca00000)
  to   space 2560K, 0% used [0x00000000eca00000,0x00000000eca00000,0x00000000ecc80000)
 ParOldGen       total 42496K, used 3508K [0x00000000c2800000, 0x00000000c5180000, 0x00000000eb800000)
  object space 42496K, 8% used [0x00000000c2800000,0x00000000c2b6d030,0x00000000c5180000)
 Metaspace       used 15270K, capacity 15460K, committed 15616K, reserved 1062912K
  class space    used 1707K, capacity 1756K, committed 1792K, reserved 1048576K
Event: 464,555 GC heap after
Heap after GC invocations=7 (full 3):
 PSYoungGen      total 18432K, used 128K [0x00000000eb800000, 0x00000000ecc80000, 0x0000000100000000)
  eden space 15872K, 0% used [0x00000000eb800000,0x00000000eb800000,0x00000000ec780000)
  from space 2560K, 5% used [0x00000000eca00000,0x00000000eca20000,0x00000000ecc80000)
  to   space 2560K, 0% used [0x00000000ec780000,0x00000000ec780000,0x00000000eca00000)
 ParOldGen       total 42496K, used 3516K [0x00000000c2800000, 0x00000000c5180000, 0x00000000eb800000)
  object space 42496K, 8% used [0x00000000c2800000,0x00000000c2b6f030,0x00000000c5180000)
 Metaspace       used 15270K, capacity 15460K, committed 15616K, reserved 1062912K
  class space    used 1707K, capacity 1756K, committed 1792K, reserved 1048576K
}
Event: 464,556 GC heap before
{Heap before GC invocations=8 (full 4):
 PSYoungGen      total 18432K, used 128K [0x00000000eb800000, 0x00000000ecc80000, 0x0000000100000000)
  eden space 15872K, 0% used [0x00000000eb800000,0x00000000eb800000,0x00000000ec780000)
  from space 2560K, 5% used [0x00000000eca00000,0x00000000eca20000,0x00000000ecc80000)
  to   space 2560K, 0% used [0x00000000ec780000,0x00000000ec780000,0x00000000eca00000)
 ParOldGen       total 42496K, used 3516K [0x00000000c2800000, 0x00000000c5180000, 0x00000000eb800000)
  object space 42496K, 8% used [0x00000000c2800000,0x00000000c2b6f030,0x00000000c5180000)
 Metaspace       used 15270K, capacity 15460K, committed 15616K, reserved 1062912K
  class space    used 1707K, capacity 1756K, committed 1792K, reserved 1048576K
Event: 464,581 GC heap after
Heap after GC invocations=8 (full 4):
 PSYoungGen      total 18432K, used 0K [0x00000000eb800000, 0x00000000ecc80000, 0x0000000100000000)
  eden space 15872K, 0% used [0x00000000eb800000,0x00000000eb800000,0x00000000ec780000)
  from space 2560K, 0% used [0x00000000eca00000,0x00000000eca00000,0x00000000ecc80000)
  to   space 2560K, 0% used [0x00000000ec780000,0x00000000ec780000,0x00000000eca00000)
 ParOldGen       total 42496K, used 3510K [0x00000000c2800000, 0x00000000c5180000, 0x00000000eb800000)
  object space 42496K, 8% used [0x00000000c2800000,0x00000000c2b6d840,0x00000000c5180000)
 Metaspace       used 15270K, capacity 15460K, committed 15616K, reserved 1062912K
  class space    used 1707K, capacity 1756K, committed 1792K, reserved 1048576K
}

Deoptimization events (10 events):
Event: 201,537 Thread 0x00007f541033b000 Uncommon trap: reason=class_check action=maybe_recompile pc=0x00007f540154474c method=sun.java2d.SunGraphics2D.drawString(Ljava/lang/String;II)V @ 68
Event: 201,537 Thread 0x00007f541033b000 Uncommon trap: reason=class_check action=maybe_recompile pc=0x00007f540153e404 method=sun.java2d.pipe.GlyphListPipe.drawString(Lsun/java2d/SunGraphics2D;Ljava/lang/String;DD)V @ 156
Event: 201,537 Thread 0x00007f541033b000 Uncommon trap: reason=class_check action=maybe_recompile pc=0x00007f540154474c method=sun.java2d.SunGraphics2D.drawString(Ljava/lang/String;II)V @ 68
Event: 201,537 Thread 0x00007f541033b000 Uncommon trap: reason=class_check action=maybe_recompile pc=0x00007f540153e404 method=sun.java2d.pipe.GlyphListPipe.drawString(Lsun/java2d/SunGraphics2D;Ljava/lang/String;DD)V @ 156
Event: 201,537 Thread 0x00007f541033b000 Uncommon trap: reason=class_check action=maybe_recompile pc=0x00007f540154474c method=sun.java2d.SunGraphics2D.drawString(Ljava/lang/String;II)V @ 68
Event: 201,537 Thread 0x00007f541033b000 Uncommon trap: reason=class_check action=maybe_recompile pc=0x00007f540153e404 method=sun.java2d.pipe.GlyphListPipe.drawString(Lsun/java2d/SunGraphics2D;Ljava/lang/String;DD)V @ 156
Event: 201,537 Thread 0x00007f541033b000 Uncommon trap: reason=class_check action=maybe_recompile pc=0x00007f540154474c method=sun.java2d.SunGraphics2D.drawString(Ljava/lang/String;II)V @ 68
Event: 201,537 Thread 0x00007f541033b000 Uncommon trap: reason=class_check action=maybe_recompile pc=0x00007f540153e404 method=sun.java2d.pipe.GlyphListPipe.drawString(Lsun/java2d/SunGraphics2D;Ljava/lang/String;DD)V @ 156
Event: 201,569 Thread 0x00007f541033b000 Uncommon trap: reason=unstable_if action=reinterpret pc=0x00007f54015a7130 method=sun.java2d.loops.ProcessPath.FillPolygon(Lsun/java2d/loops/ProcessPath$FillProcessHandler;I)V @ 374
Event: 489,795 Thread 0x00007f541033b000 Uncommon trap: reason=unstable_if action=reinterpret pc=0x00007f54015f0950 method=sun.java2d.loops.ProcessPath.FillPolygon(Lsun/java2d/loops/ProcessPath$FillProcessHandler;I)V @ 84

Internal exceptions (10 events):
Event: 5,050 Thread 0x00007f5410009800 Exception <a 'java/security/PrivilegedActionException'> (0x00000000ebe6a2d8) thrown at [/build/buildd/openjdk-8-8u40~b09/src/hotspot/src/share/vm/prims/jvm.cpp, line 1288]
Event: 5,051 Thread 0x00007f5410009800 Exception <a 'java/security/PrivilegedActionException'> (0x00000000ebe6d9e0) thrown at [/build/buildd/openjdk-8-8u40~b09/src/hotspot/src/share/vm/prims/jvm.cpp, line 1288]
Event: 5,051 Thread 0x00007f5410009800 Exception <a 'java/security/PrivilegedActionException'> (0x00000000ebe766c0) thrown at [/build/buildd/openjdk-8-8u40~b09/src/hotspot/src/share/vm/prims/jvm.cpp, line 1288]
Event: 5,062 Thread 0x00007f5410009800 Exception <a 'java/security/PrivilegedActionException'> (0x00000000ebe7eef0) thrown at [/build/buildd/openjdk-8-8u40~b09/src/hotspot/src/share/vm/prims/jvm.cpp, line 1288]
Event: 5,065 Thread 0x00007f5410009800 Exception <a 'java/security/PrivilegedActionException'> (0x00000000ec20bef0) thrown at [/build/buildd/openjdk-8-8u40~b09/src/hotspot/src/share/vm/prims/jvm.cpp, line 1288]
Event: 5,083 Thread 0x00007f5410009800 Exception <a 'java/security/PrivilegedActionException'> (0x00000000ec213ae0) thrown at [/build/buildd/openjdk-8-8u40~b09/src/hotspot/src/share/vm/prims/jvm.cpp, line 1288]
Event: 5,085 Thread 0x00007f5410009800 Exception <a 'java/security/PrivilegedActionException'> (0x00000000ec22bf98) thrown at [/build/buildd/openjdk-8-8u40~b09/src/hotspot/src/share/vm/prims/jvm.cpp, line 1288]
Event: 5,087 Thread 0x00007f5410009800 Exception <a 'java/security/PrivilegedActionException'> (0x00000000ec22f230) thrown at [/build/buildd/openjdk-8-8u40~b09/src/hotspot/src/share/vm/prims/jvm.cpp, line 1288]
Event: 43,619 Thread 0x00007f541033b000 Implicit null exception at 0x00007f5401433635 to 0x00007f5401433795
Event: 66,720 Thread 0x00007f541033b000 Exception <a 'java/security/PrivilegedActionException'> (0x00000000eb9a9130) thrown at [/build/buildd/openjdk-8-8u40~b09/src/hotspot/src/share/vm/prims/jvm.cpp, line 1288]

Events (10 events):
Event: 537,825 Thread 0x00007f54100b2000 flushing nmethod 0x00007f54011caf90
Event: 537,825 Thread 0x00007f54100b2000 flushing nmethod 0x00007f54011d5d90
Event: 537,825 Thread 0x00007f54100b2000 flushing nmethod 0x00007f54011d7290
Event: 537,825 Thread 0x00007f54100b2000 flushing nmethod 0x00007f54011f0510
Event: 537,825 Thread 0x00007f54100b2000 flushing nmethod 0x00007f54011f27d0
Event: 537,825 Thread 0x00007f54100b2000 flushing nmethod 0x00007f5401200c10
Event: 537,825 Thread 0x00007f54100b2000 flushing nmethod 0x00007f5401207950
Event: 537,825 Thread 0x00007f54100b2000 flushing nmethod 0x00007f54012238d0
Event: 639,640 loading class sun/awt/X11/XDestroyWindowEvent
Event: 639,640 loading class sun/awt/X11/XDestroyWindowEvent done


Dynamic libraries:
00400000-00401000 r-xp 00000000 08:01 25691423                           /usr/lib/jvm/java-8-openjdk-amd64/jre/bin/java
00600000-00601000 r--p 00000000 08:01 25691423                           /usr/lib/jvm/java-8-openjdk-amd64/jre/bin/java
00601000-00602000 rw-p 00001000 08:01 25691423                           /usr/lib/jvm/java-8-openjdk-amd64/jre/bin/java
00ebc000-00edd000 rw-p 00000000 00:00 0                                  [heap]
c2800000-c5180000 rw-p 00000000 00:00 0 
c5180000-eb800000 ---p 00000000 00:00 0 
eb800000-ecc80000 rw-p 00000000 00:00 0 
ecc80000-100000000 ---p 00000000 00:00 0 
100000000-1001c0000 rw-p 00000000 00:00 0 
1001c0000-140000000 ---p 00000000 00:00 0 
7f53a8000000-7f53a8021000 rw-p 00000000 00:00 0 
7f53a8021000-7f53ac000000 ---p 00000000 00:00 0 
7f53b0000000-7f53b0021000 rw-p 00000000 00:00 0 
7f53b0021000-7f53b4000000 ---p 00000000 00:00 0 
7f53b4000000-7f53b4097000 rw-p 00000000 00:00 0 
7f53b4097000-7f53b8000000 ---p 00000000 00:00 0 
7f53b8000000-7f53b8021000 rw-p 00000000 00:00 0 
7f53b8021000-7f53bc000000 ---p 00000000 00:00 0 
7f53bc000000-7f53bc021000 rw-p 00000000 00:00 0 
7f53bc021000-7f53c0000000 ---p 00000000 00:00 0 
7f53c0000000-7f53c0021000 rw-p 00000000 00:00 0 
7f53c0021000-7f53c4000000 ---p 00000000 00:00 0 
7f53c4000000-7f53c4021000 rw-p 00000000 00:00 0 
7f53c4021000-7f53c8000000 ---p 00000000 00:00 0 
7f53c8000000-7f53c8d78000 rw-p 00000000 00:00 0 
7f53c8d78000-7f53cc000000 ---p 00000000 00:00 0 
7f53cc000000-7f53cc76c000 rw-p 00000000 00:00 0 
7f53cc76c000-7f53d0000000 ---p 00000000 00:00 0 
7f53d0000000-7f53d0021000 rw-p 00000000 00:00 0 
7f53d0021000-7f53d4000000 ---p 00000000 00:00 0 
7f53d4000000-7f53d4796000 rw-p 00000000 00:00 0 
7f53d4796000-7f53d8000000 ---p 00000000 00:00 0 
7f53d8000000-7f53d8021000 rw-p 00000000 00:00 0 
7f53d8021000-7f53dc000000 ---p 00000000 00:00 0 
7f53dc000000-7f53dc021000 rw-p 00000000 00:00 0 
7f53dc021000-7f53e0000000 ---p 00000000 00:00 0 
7f53e0000000-7f53e0021000 rw-p 00000000 00:00 0 
7f53e0021000-7f53e4000000 ---p 00000000 00:00 0 
7f53e8000000-7f53e8021000 rw-p 00000000 00:00 0 
7f53e8021000-7f53ec000000 ---p 00000000 00:00 0 
7f53ec000000-7f53ec03c000 rw-p 00000000 00:00 0 
7f53ec03c000-7f53f0000000 ---p 00000000 00:00 0 
7f53f0000000-7f53f0021000 rw-p 00000000 00:00 0 
7f53f0021000-7f53f4000000 ---p 00000000 00:00 0 
7f53f516b000-7f53f52eb000 rw-p 00000000 00:00 0 
7f53f52eb000-7f53f536b000 ---p 00000000 00:00 0 
7f53f536b000-7f53f53af000 rw-s 00000000 00:04 2293765                    /SYSV00000000 (deleted)
7f53f53af000-7f53f53b2000 ---p 00000000 00:00 0 
7f53f53b2000-7f53f56b0000 rw-p 00000000 00:00 0                          [stack:2621]
7f53f56b0000-7f53f58b0000 rw-p 00000000 00:00 0 
7f53f58b0000-7f53f58b3000 ---p 00000000 00:00 0 
7f53f58b3000-7f53f59b1000 rw-p 00000000 00:00 0                          [stack:2620]
7f53f59b1000-7f53f59b4000 ---p 00000000 00:00 0 
7f53f59b4000-7f53f5ab2000 rw-p 00000000 00:00 0                          [stack:2619]
7f53f5ab2000-7f53f5ac3000 r-xp 00000000 08:01 25691503                   /usr/lib/jvm/java-8-openjdk-amd64/jre/lib/amd64/libnio.so
7f53f5ac3000-7f53f5cc2000 ---p 00011000 08:01 25691503                   /usr/lib/jvm/java-8-openjdk-amd64/jre/lib/amd64/libnio.so
7f53f5cc2000-7f53f5cc3000 r--p 00010000 08:01 25691503                   /usr/lib/jvm/java-8-openjdk-amd64/jre/lib/amd64/libnio.so
7f53f5cc3000-7f53f5cc4000 rw-p 00011000 08:01 25691503                   /usr/lib/jvm/java-8-openjdk-amd64/jre/lib/amd64/libnio.so
7f53f5cc4000-7f53f5cda000 r-xp 00000000 08:01 25691530                   /usr/lib/jvm/java-8-openjdk-amd64/jre/lib/amd64/libnet.so
7f53f5cda000-7f53f5eda000 ---p 00016000 08:01 25691530                   /usr/lib/jvm/java-8-openjdk-amd64/jre/lib/amd64/libnet.so
7f53f5eda000-7f53f5edb000 r--p 00016000 08:01 25691530                   /usr/lib/jvm/java-8-openjdk-amd64/jre/lib/amd64/libnet.so
7f53f5edb000-7f53f5edc000 rw-p 00017000 08:01 25691530                   /usr/lib/jvm/java-8-openjdk-amd64/jre/lib/amd64/libnet.so
7f53f5edc000-7f53f5edf000 ---p 00000000 00:00 0 
7f53f5edf000-7f53f5fdd000 rw-p 00000000 00:00 0                          [stack:2618]
7f53f5fdd000-7f53f5fe2000 r-xp 00000000 08:01 22287591                   /usr/lib/x86_64-linux-gnu/libXfixes.so.3.1.0
7f53f5fe2000-7f53f61e1000 ---p 00005000 08:01 22287591                   /usr/lib/x86_64-linux-gnu/libXfixes.so.3.1.0
7f53f61e1000-7f53f61e2000 r--p 00004000 08:01 22287591                   /usr/lib/x86_64-linux-gnu/libXfixes.so.3.1.0
7f53f61e2000-7f53f61e3000 rw-p 00005000 08:01 22287591                   /usr/lib/x86_64-linux-gnu/libXfixes.so.3.1.0
7f53f61e3000-7f53f61ec000 r-xp 00000000 08:01 22287583                   /usr/lib/x86_64-linux-gnu/libXcursor.so.1.0.2
7f53f61ec000-7f53f63eb000 ---p 00009000 08:01 22287583                   /usr/lib/x86_64-linux-gnu/libXcursor.so.1.0.2
7f53f63eb000-7f53f63ec000 r--p 00008000 08:01 22287583                   /usr/lib/x86_64-linux-gnu/libXcursor.so.1.0.2
7f53f63ec000-7f53f63ed000 rw-p 00009000 08:01 22287583                   /usr/lib/x86_64-linux-gnu/libXcursor.so.1.0.2
7f53f63ed000-7f53f63f0000 ---p 00000000 00:00 0 
7f53f63f0000-7f53f64ee000 rw-p 00000000 00:00 0                          [stack:2617]
7f53f64ee000-7f53f6513000 r-xp 00000000 08:01 2625625                    /lib/x86_64-linux-gnu/libpng12.so.0.51.0
7f53f6513000-7f53f6712000 ---p 00025000 08:01 2625625                    /lib/x86_64-linux-gnu/libpng12.so.0.51.0
7f53f6712000-7f53f6713000 r--p 00024000 08:01 2625625                    /lib/x86_64-linux-gnu/libpng12.so.0.51.0
7f53f6713000-7f53f6714000 rw-p 00025000 08:01 2625625                    /lib/x86_64-linux-gnu/libpng12.so.0.51.0
7f53f6714000-7f53f67b6000 r-xp 00000000 08:01 22287865                   /usr/lib/x86_64-linux-gnu/libfreetype.so.6.11.1
7f53f67b6000-7f53f69b5000 ---p 000a2000 08:01 22287865                   /usr/lib/x86_64-linux-gnu/libfreetype.so.6.11.1
7f53f69b5000-7f53f69bb000 r--p 000a1000 08:01 22287865                   /usr/lib/x86_64-linux-gnu/libfreetype.so.6.11.1
7f53f69bb000-7f53f69bc000 rw-p 000a7000 08:01 22287865                   /usr/lib/x86_64-linux-gnu/libfreetype.so.6.11.1
7f53f69bc000-7f53f6a0d000 r-xp 00000000 08:01 25691533                   /usr/lib/jvm/java-8-openjdk-amd64/jre/lib/amd64/libfontmanager.so
7f53f6a0d000-7f53f6c0c000 ---p 00051000 08:01 25691533                   /usr/lib/jvm/java-8-openjdk-amd64/jre/lib/amd64/libfontmanager.so
7f53f6c0c000-7f53f6c0f000 r--p 00050000 08:01 25691533                   /usr/lib/jvm/java-8-openjdk-amd64/jre/lib/amd64/libfontmanager.so
7f53f6c0f000-7f53f6c10000 rw-p 00053000 08:01 25691533                   /usr/lib/jvm/java-8-openjdk-amd64/jre/lib/amd64/libfontmanager.so
7f53f6c10000-7f53f6c15000 r-xp 00000000 08:01 22287587                   /usr/lib/x86_64-linux-gnu/libXdmcp.so.6.0.0
7f53f6c15000-7f53f6e14000 ---p 00005000 08:01 22287587                   /usr/lib/x86_64-linux-gnu/libXdmcp.so.6.0.0
7f53f6e14000-7f53f6e15000 r--p 00004000 08:01 22287587                   /usr/lib/x86_64-linux-gnu/libXdmcp.so.6.0.0
7f53f6e15000-7f53f6e16000 rw-p 00005000 08:01 22287587                   /usr/lib/x86_64-linux-gnu/libXdmcp.so.6.0.0
7f53f6e16000-7f53f6e18000 r-xp 00000000 08:01 22287576                   /usr/lib/x86_64-linux-gnu/libXau.so.6.0.0
7f53f6e18000-7f53f7018000 ---p 00002000 08:01 22287576                   /usr/lib/x86_64-linux-gnu/libXau.so.6.0.0
7f53f7018000-7f53f7019000 r--p 00002000 08:01 22287576                   /usr/lib/x86_64-linux-gnu/libXau.so.6.0.0
7f53f7019000-7f53f701a000 rw-p 00003000 08:01 22287576                   /usr/lib/x86_64-linux-gnu/libXau.so.6.0.0
7f53f701a000-7f53f7037000 r-xp 00000000 08:01 22288509                   /usr/lib/x86_64-linux-gnu/libxcb.so.1.1.0
7f53f7037000-7f53f7237000 ---p 0001d000 08:01 22288509                   /usr/lib/x86_64-linux-gnu/libxcb.so.1.1.0
7f53f7237000-7f53f7238000 r--p 0001d000 08:01 22288509                   /usr/lib/x86_64-linux-gnu/libxcb.so.1.1.0
7f53f7238000-7f53f7239000 rw-p 0001e000 08:01 22288509                   /usr/lib/x86_64-linux-gnu/libxcb.so.1.1.0
7f53f7239000-7f53f7248000 r-xp 00000000 08:01 22287597                   /usr/lib/x86_64-linux-gnu/libXi.so.6.1.0
7f53f7248000-7f53f7447000 ---p 0000f000 08:01 22287597                   /usr/lib/x86_64-linux-gnu/libXi.so.6.1.0
7f53f7447000-7f53f7448000 r--p 0000e000 08:01 22287597                   /usr/lib/x86_64-linux-gnu/libXi.so.6.1.0
7f53f7448000-7f53f7449000 rw-p 0000f000 08:01 22287597                   /usr/lib/x86_64-linux-gnu/libXi.so.6.1.0
7f53f7449000-7f53f744e000 r-xp 00000000 08:01 22287617                   /usr/lib/x86_64-linux-gnu/libXtst.so.6.1.0
7f53f744e000-7f53f764d000 ---p 00005000 08:01 22287617                   /usr/lib/x86_64-linux-gnu/libXtst.so.6.1.0
7f53f764d000-7f53f764e000 r--p 00004000 08:01 22287617                   /usr/lib/x86_64-linux-gnu/libXtst.so.6.1.0
7f53f764e000-7f53f764f000 rw-p 00005000 08:01 22287617                   /usr/lib/x86_64-linux-gnu/libXtst.so.6.1.0
7f53f764f000-7f53f7658000 r-xp 00000000 08:01 22287611                   /usr/lib/x86_64-linux-gnu/libXrender.so.1.3.0
7f53f7658000-7f53f7857000 ---p 00009000 08:01 22287611                   /usr/lib/x86_64-linux-gnu/libXrender.so.1.3.0
7f53f7857000-7f53f7858000 r--p 00008000 08:01 22287611                   /usr/lib/x86_64-linux-gnu/libXrender.so.1.3.0
7f53f7858000-7f53f7859000 rw-p 00009000 08:01 22287611                   /usr/lib/x86_64-linux-gnu/libXrender.so.1.3.0
7f53f7859000-7f53f798c000 r-xp 00000000 08:01 22287572                   /usr/lib/x86_64-linux-gnu/libX11.so.6.3.0
7f53f798c000-7f53f7b8c000 ---p 00133000 08:01 22287572                   /usr/lib/x86_64-linux-gnu/libX11.so.6.3.0
7f53f7b8c000-7f53f7b8d000 r--p 00133000 08:01 22287572                   /usr/lib/x86_64-linux-gnu/libX11.so.6.3.0
7f53f7b8d000-7f53f7b91000 rw-p 00134000 08:01 22287572                   /usr/lib/x86_64-linux-gnu/libX11.so.6.3.0
7f53f7b91000-7f53f7b92000 rw-p 00000000 00:00 0 
7f53f7b92000-7f53f7ba3000 r-xp 00000000 08:01 22287589                   /usr/lib/x86_64-linux-gnu/libXext.so.6.4.0
7f53f7ba3000-7f53f7da2000 ---p 00011000 08:01 22287589                   /usr/lib/x86_64-linux-gnu/libXext.so.6.4.0
7f53f7da2000-7f53f7da3000 r--p 00010000 08:01 22287589                   /usr/lib/x86_64-linux-gnu/libXext.so.6.4.0
7f53f7da3000-7f53f7da4000 rw-p 00011000 08:01 22287589                   /usr/lib/x86_64-linux-gnu/libXext.so.6.4.0
7f53f7da4000-7f53f7dfb000 r-xp 00000000 08:01 25691526                   /usr/lib/jvm/java-8-openjdk-amd64/jre/lib/amd64/libawt_xawt.so
7f53f7dfb000-7f53f7ffb000 ---p 00057000 08:01 25691526                   /usr/lib/jvm/java-8-openjdk-amd64/jre/lib/amd64/libawt_xawt.so
7f53f7ffb000-7f53f7ffc000 r--p 00057000 08:01 25691526                   /usr/lib/jvm/java-8-openjdk-amd64/jre/lib/amd64/libawt_xawt.so
7f53f7ffc000-7f53f7fff000 rw-p 00058000 08:01 25691526                   /usr/lib/jvm/java-8-openjdk-amd64/jre/lib/amd64/libawt_xawt.so
7f53f7fff000-7f53f8000000 rw-p 00000000 00:00 0 
7f53f8000000-7f53f8021000 rw-p 00000000 00:00 0 
7f53f8021000-7f53fc000000 ---p 00000000 00:00 0 
7f53fc040000-7f53fc044000 r--s 00093000 08:01 25691454                   /usr/lib/jvm/java-8-openjdk-amd64/jre/lib/jsse.jar
7f53fc044000-7f53fc075000 rw-p 00000000 00:00 0 
7f53fc075000-7f53fc088000 r--s 00345000 08:01 25691535                   /usr/lib/jvm/java-8-openjdk-amd64/jre/lib/resources.jar
7f53fc088000-7f53fc0ae000 r--p 00000000 08:01 23339013                   /usr/share/locale-langpack/fr/LC_MESSAGES/libc.mo
7f53fc0ae000-7f53fc14e000 r-xp 00000000 08:01 25691502                   /usr/lib/jvm/java-8-openjdk-amd64/jre/lib/amd64/libawt.so
7f53fc14e000-7f53fc34e000 ---p 000a0000 08:01 25691502                   /usr/lib/jvm/java-8-openjdk-amd64/jre/lib/amd64/libawt.so
7f53fc34e000-7f53fc34f000 r--p 000a0000 08:01 25691502                   /usr/lib/jvm/java-8-openjdk-amd64/jre/lib/amd64/libawt.so
7f53fc34f000-7f53fc35a000 rw-p 000a1000 08:01 25691502                   /usr/lib/jvm/java-8-openjdk-amd64/jre/lib/amd64/libawt.so
7f53fc35a000-7f53fc37f000 rw-p 00000000 00:00 0 
7f53fc37f000-7f53fc38d000 r--s 0015a000 08:01 22810890                   /home/guillaume/NetBeansProjects/testSpringMvc/hsqldb/lib/hsqldb.jar
7f53fc38d000-7f53fc3a6000 r--s 001c2000 08:01 25691491                   /usr/lib/jvm/java-8-openjdk-amd64/jre/lib/ext/nashorn.jar
7f53fc3a6000-7f53fc3c2000 r--s 00393000 08:01 25691490                   /usr/lib/jvm/java-8-openjdk-amd64/jre/lib/ext/cldrdata.jar
7f53fc3c2000-7f53fc3cc000 r--s 00116000 08:01 25691485                   /usr/lib/jvm/java-8-openjdk-amd64/jre/lib/ext/localedata.jar
7f53fc3cc000-7f53fc3cd000 ---p 00000000 00:00 0 
7f53fc3cd000-7f53fc4cd000 rw-p 00000000 00:00 0                          [stack:2616]
7f53fc4cd000-7f53fc4d0000 ---p 00000000 00:00 0 
7f53fc4d0000-7f53fc5ce000 rw-p 00000000 00:00 0                          [stack:2615]
7f53fc5ce000-7f53fc5d1000 ---p 00000000 00:00 0 
7f53fc5d1000-7f53fc6cf000 rw-p 00000000 00:00 0                          [stack:2614]
7f53fc6cf000-7f53fc6d2000 ---p 00000000 00:00 0 
7f53fc6d2000-7f53fc7d0000 rw-p 00000000 00:00 0                          [stack:2613]
7f53fc7d0000-7f53fc7d3000 ---p 00000000 00:00 0 
7f53fc7d3000-7f53fc8d1000 rw-p 00000000 00:00 0                          [stack:2612]
7f53fc8d1000-7f53fc8d4000 ---p 00000000 00:00 0 
7f53fc8d4000-7f53fc9d2000 rw-p 00000000 00:00 0                          [stack:2611]
7f53fc9d2000-7f53fcca0000 r--p 00000000 08:01 22284940                   /usr/lib/locale/locale-archive
7f53fcca0000-7f53fcca3000 ---p 00000000 00:00 0 
7f53fcca3000-7f53fcda1000 rw-p 00000000 00:00 0                          [stack:2610]
7f53fcda1000-7f53fcda4000 ---p 00000000 00:00 0 
7f53fcda4000-7f53fcea2000 rw-p 00000000 00:00 0                          [stack:2609]
7f53fcea2000-7f53fcea3000 ---p 00000000 00:00 0 
7f53fcea3000-7f53fdf20000 rw-p 00000000 00:00 0                          [stack:2608]
7f53fdf20000-7f53fe0ed000 r--s 03bc6000 08:01 25691475                   /usr/lib/jvm/java-8-openjdk-amd64/jre/lib/rt.jar
7f53fe0ed000-7f5400a0f000 rw-p 00000000 00:00 0 
7f5400a0f000-7f5400a10000 ---p 00000000 00:00 0 
7f5400a10000-7f5400b10000 rw-p 00000000 00:00 0                          [stack:2607]
7f5400b10000-7f5400b11000 ---p 00000000 00:00 0 
7f5400b11000-7f5400c11000 rw-p 00000000 00:00 0                          [stack:2606]
7f5400c11000-7f5400c12000 ---p 00000000 00:00 0 
7f5400c12000-7f5400d12000 rw-p 00000000 00:00 0                          [stack:2605]
7f5400d12000-7f5400d13000 ---p 00000000 00:00 0 
7f5400d13000-7f5400e28000 rw-p 00000000 00:00 0                          [stack:2604]
7f5400e28000-7f5400f5b000 ---p 00000000 00:00 0 
7f5400f5b000-7f5400f66000 rw-p 00000000 00:00 0 
7f5400f66000-7f5400fff000 ---p 00000000 00:00 0 
7f5400fff000-7f5401000000 rw-p 00000000 00:00 0 
7f5401000000-7f5401610000 rwxp 00000000 00:00 0 
7f5401610000-7f5410000000 ---p 00000000 00:00 0 
7f5410000000-7f54103d7000 rw-p 00000000 00:00 0 
7f54103d7000-7f5414000000 ---p 00000000 00:00 0 
7f5414001000-7f5414008000 r--s 00000000 08:01 22417992                   /usr/lib/x86_64-linux-gnu/gconv/gconv-modules.cache
7f5414008000-7f541405f000 rw-p 00000000 00:00 0 
7f541405f000-7f5414192000 ---p 00000000 00:00 0 
7f5414192000-7f54141ab000 rw-p 00000000 00:00 0 
7f54141ab000-7f5414552000 ---p 00000000 00:00 0 
7f5414552000-7f541455a000 r-xp 00000000 08:01 25691504                   /usr/lib/jvm/java-8-openjdk-amd64/jre/lib/amd64/libzip.so
7f541455a000-7f5414759000 ---p 00008000 08:01 25691504                   /usr/lib/jvm/java-8-openjdk-amd64/jre/lib/amd64/libzip.so
7f5414759000-7f541475a000 r--p 00007000 08:01 25691504                   /usr/lib/jvm/java-8-openjdk-amd64/jre/lib/amd64/libzip.so
7f541475a000-7f541475b000 rw-p 00008000 08:01 25691504                   /usr/lib/jvm/java-8-openjdk-amd64/jre/lib/amd64/libzip.so
7f541475b000-7f5414766000 r-xp 00000000 08:01 2621499                    /lib/x86_64-linux-gnu/libnss_files-2.19.so
7f5414766000-7f5414965000 ---p 0000b000 08:01 2621499                    /lib/x86_64-linux-gnu/libnss_files-2.19.so
7f5414965000-7f5414966000 r--p 0000a000 08:01 2621499                    /lib/x86_64-linux-gnu/libnss_files-2.19.so
7f5414966000-7f5414967000 rw-p 0000b000 08:01 2621499                    /lib/x86_64-linux-gnu/libnss_files-2.19.so
7f5414967000-7f5414972000 r-xp 00000000 08:01 2621454                    /lib/x86_64-linux-gnu/libnss_nis-2.19.so
7f5414972000-7f5414b71000 ---p 0000b000 08:01 2621454                    /lib/x86_64-linux-gnu/libnss_nis-2.19.so
7f5414b71000-7f5414b72000 r--p 0000a000 08:01 2621454                    /lib/x86_64-linux-gnu/libnss_nis-2.19.so
7f5414b72000-7f5414b73000 rw-p 0000b000 08:01 2621454                    /lib/x86_64-linux-gnu/libnss_nis-2.19.so
7f5414b73000-7f5414b8a000 r-xp 00000000 08:01 2621501                    /lib/x86_64-linux-gnu/libnsl-2.19.so
7f5414b8a000-7f5414d89000 ---p 00017000 08:01 2621501                    /lib/x86_64-linux-gnu/libnsl-2.19.so
7f5414d89000-7f5414d8a000 r--p 00016000 08:01 2621501                    /lib/x86_64-linux-gnu/libnsl-2.19.so
7f5414d8a000-7f5414d8b000 rw-p 00017000 08:01 2621501                    /lib/x86_64-linux-gnu/libnsl-2.19.so
7f5414d8b000-7f5414d8d000 rw-p 00000000 00:00 0 
7f5414d8d000-7f5414d96000 r-xp 00000000 08:01 2621494                    /lib/x86_64-linux-gnu/libnss_compat-2.19.so
7f5414d96000-7f5414f95000 ---p 00009000 08:01 2621494                    /lib/x86_64-linux-gnu/libnss_compat-2.19.so
7f5414f95000-7f5414f96000 r--p 00008000 08:01 2621494                    /lib/x86_64-linux-gnu/libnss_compat-2.19.so
7f5414f96000-7f5414f97000 rw-p 00009000 08:01 2621494                    /lib/x86_64-linux-gnu/libnss_compat-2.19.so
7f5414f97000-7f5414fc4000 r-xp 00000000 08:01 25691499                   /usr/lib/jvm/java-8-openjdk-amd64/jre/lib/amd64/libjava.so
7f5414fc4000-7f54151c4000 ---p 0002d000 08:01 25691499                   /usr/lib/jvm/java-8-openjdk-amd64/jre/lib/amd64/libjava.so
7f54151c4000-7f54151c5000 r--p 0002d000 08:01 25691499                   /usr/lib/jvm/java-8-openjdk-amd64/jre/lib/amd64/libjava.so
7f54151c5000-7f54151c7000 rw-p 0002e000 08:01 25691499                   /usr/lib/jvm/java-8-openjdk-amd64/jre/lib/amd64/libjava.so
7f54151c7000-7f54151d8000 r-xp 00000000 08:01 25691521                   /usr/lib/jvm/java-8-openjdk-amd64/jre/lib/amd64/libverify.so
7f54151d8000-7f54153d7000 ---p 00011000 08:01 25691521                   /usr/lib/jvm/java-8-openjdk-amd64/jre/lib/amd64/libverify.so
7f54153d7000-7f54153d9000 r--p 00010000 08:01 25691521                   /usr/lib/jvm/java-8-openjdk-amd64/jre/lib/amd64/libverify.so
7f54153d9000-7f54153da000 rw-p 00012000 08:01 25691521                   /usr/lib/jvm/java-8-openjdk-amd64/jre/lib/amd64/libverify.so
7f54153da000-7f54153e1000 r-xp 00000000 08:01 2621497                    /lib/x86_64-linux-gnu/librt-2.19.so
7f54153e1000-7f54155e0000 ---p 00007000 08:01 2621497                    /lib/x86_64-linux-gnu/librt-2.19.so
7f54155e0000-7f54155e1000 r--p 00006000 08:01 2621497                    /lib/x86_64-linux-gnu/librt-2.19.so
7f54155e1000-7f54155e2000 rw-p 00007000 08:01 2621497                    /lib/x86_64-linux-gnu/librt-2.19.so
7f54155e2000-7f54155f8000 r-xp 00000000 08:01 2625537                    /lib/x86_64-linux-gnu/libgcc_s.so.1
7f54155f8000-7f54157f7000 ---p 00016000 08:01 2625537                    /lib/x86_64-linux-gnu/libgcc_s.so.1
7f54157f7000-7f54157f8000 r--p 00015000 08:01 2625537                    /lib/x86_64-linux-gnu/libgcc_s.so.1
7f54157f8000-7f54157f9000 rw-p 00016000 08:01 2625537                    /lib/x86_64-linux-gnu/libgcc_s.so.1
7f54157f9000-7f54158fe000 r-xp 00000000 08:01 2621498                    /lib/x86_64-linux-gnu/libm-2.19.so
7f54158fe000-7f5415afd000 ---p 00105000 08:01 2621498                    /lib/x86_64-linux-gnu/libm-2.19.so
7f5415afd000-7f5415afe000 r--p 00104000 08:01 2621498                    /lib/x86_64-linux-gnu/libm-2.19.so
7f5415afe000-7f5415aff000 rw-p 00105000 08:01 2621498                    /lib/x86_64-linux-gnu/libm-2.19.so
7f5415aff000-7f5415bef000 r-xp 00000000 08:01 22288377                   /usr/lib/x86_64-linux-gnu/libstdc++.so.6.0.20
7f5415bef000-7f5415def000 ---p 000f0000 08:01 22288377                   /usr/lib/x86_64-linux-gnu/libstdc++.so.6.0.20
7f5415def000-7f5415df7000 r--p 000f0000 08:01 22288377                   /usr/lib/x86_64-linux-gnu/libstdc++.so.6.0.20
7f5415df7000-7f5415df9000 rw-p 000f8000 08:01 22288377                   /usr/lib/x86_64-linux-gnu/libstdc++.so.6.0.20
7f5415df9000-7f5415e0e000 rw-p 00000000 00:00 0 
7f5415e0e000-7f5416a8b000 r-xp 00000000 08:01 25691515                   /usr/lib/jvm/java-8-openjdk-amd64/jre/lib/amd64/server/libjvm.so
7f5416a8b000-7f5416c8a000 ---p 00c7d000 08:01 25691515                   /usr/lib/jvm/java-8-openjdk-amd64/jre/lib/amd64/server/libjvm.so
7f5416c8a000-7f5416d2d000 r--p 00c7c000 08:01 25691515                   /usr/lib/jvm/java-8-openjdk-amd64/jre/lib/amd64/server/libjvm.so
7f5416d2d000-7f5416d56000 rw-p 00d1f000 08:01 25691515                   /usr/lib/jvm/java-8-openjdk-amd64/jre/lib/amd64/server/libjvm.so
7f5416d56000-7f5416d85000 rw-p 00000000 00:00 0 
7f5416d85000-7f5416d9e000 r-xp 00000000 08:01 2625497                    /lib/x86_64-linux-gnu/libpthread-2.19.so
7f5416d9e000-7f5416f9d000 ---p 00019000 08:01 2625497                    /lib/x86_64-linux-gnu/libpthread-2.19.so
7f5416f9d000-7f5416f9e000 r--p 00018000 08:01 2625497                    /lib/x86_64-linux-gnu/libpthread-2.19.so
7f5416f9e000-7f5416f9f000 rw-p 00019000 08:01 2625497                    /lib/x86_64-linux-gnu/libpthread-2.19.so
7f5416f9f000-7f5416fa3000 rw-p 00000000 00:00 0 
7f5416fa3000-7f5416fa6000 r-xp 00000000 08:01 2621491                    /lib/x86_64-linux-gnu/libdl-2.19.so
7f5416fa6000-7f54171a5000 ---p 00003000 08:01 2621491                    /lib/x86_64-linux-gnu/libdl-2.19.so
7f54171a5000-7f54171a6000 r--p 00002000 08:01 2621491                    /lib/x86_64-linux-gnu/libdl-2.19.so
7f54171a6000-7f54171a7000 rw-p 00003000 08:01 2621491                    /lib/x86_64-linux-gnu/libdl-2.19.so
7f54171a7000-7f54171bf000 r-xp 00000000 08:01 2625674                    /lib/x86_64-linux-gnu/libz.so.1.2.8
7f54171bf000-7f54173be000 ---p 00018000 08:01 2625674                    /lib/x86_64-linux-gnu/libz.so.1.2.8
7f54173be000-7f54173bf000 r--p 00017000 08:01 2625674                    /lib/x86_64-linux-gnu/libz.so.1.2.8
7f54173bf000-7f54173c0000 rw-p 00018000 08:01 2625674                    /lib/x86_64-linux-gnu/libz.so.1.2.8
7f54173c0000-7f541757a000 r-xp 00000000 08:01 2625427                    /lib/x86_64-linux-gnu/libc-2.19.so
7f541757a000-7f541777a000 ---p 001ba000 08:01 2625427                    /lib/x86_64-linux-gnu/libc-2.19.so
7f541777a000-7f541777e000 r--p 001ba000 08:01 2625427                    /lib/x86_64-linux-gnu/libc-2.19.so
7f541777e000-7f5417780000 rw-p 001be000 08:01 2625427                    /lib/x86_64-linux-gnu/libc-2.19.so
7f5417780000-7f5417785000 rw-p 00000000 00:00 0 
7f5417785000-7f5417793000 r-xp 00000000 08:01 25691509                   /usr/lib/jvm/java-8-openjdk-amd64/jre/lib/amd64/jli/libjli.so
7f5417793000-7f5417992000 ---p 0000e000 08:01 25691509                   /usr/lib/jvm/java-8-openjdk-amd64/jre/lib/amd64/jli/libjli.so
7f5417992000-7f5417993000 r--p 0000d000 08:01 25691509                   /usr/lib/jvm/java-8-openjdk-amd64/jre/lib/amd64/jli/libjli.so
7f5417993000-7f5417994000 rw-p 0000e000 08:01 25691509                   /usr/lib/jvm/java-8-openjdk-amd64/jre/lib/amd64/jli/libjli.so
7f5417994000-7f54179b7000 r-xp 00000000 08:01 2621490                    /lib/x86_64-linux-gnu/ld-2.19.so
7f54179b9000-7f54179ba000 r--s 00008000 08:01 25691487                   /usr/lib/jvm/java-8-openjdk-amd64/jre/lib/ext/sunec.jar
7f54179ba000-7f54179bd000 r--s 00037000 08:01 25691484                   /usr/lib/jvm/java-8-openjdk-amd64/jre/lib/ext/sunpkcs11.jar
7f54179bd000-7f54179c0000 r--s 0000f000 08:01 25691483                   /usr/lib/jvm/java-8-openjdk-amd64/jre/lib/ext/icedtea-sound.jar
7f54179c0000-7f5417a99000 rw-p 00000000 00:00 0 
7f5417a99000-7f5417a9c000 ---p 00000000 00:00 0 
7f5417a9c000-7f5417b9f000 rw-p 00000000 00:00 0                          [stack:2603]
7f5417b9f000-7f5417ba1000 r--s 00001000 08:01 25691488                   /usr/lib/jvm/java-8-openjdk-amd64/jre/lib/ext/dnsns.jar
7f5417ba1000-7f5417ba2000 r--s 00010000 08:01 25691489                   /usr/lib/jvm/java-8-openjdk-amd64/jre/lib/ext/zipfs.jar
7f5417ba2000-7f5417ba4000 r--s 00006000 08:01 22414554                   /usr/share/java/java-atk-wrapper.jar
7f5417ba4000-7f5417baa000 r--s 0003a000 08:01 25691486                   /usr/lib/jvm/java-8-openjdk-amd64/jre/lib/ext/sunjce_provider.jar
7f5417baa000-7f5417bb2000 rw-s 00000000 08:01 16384017                   /tmp/hsperfdata_guillaume/2602
7f5417bb2000-7f5417bb3000 rw-p 00000000 00:00 0 
7f5417bb3000-7f5417bb4000 r--p 00000000 00:00 0 
7f5417bb4000-7f5417bb6000 rw-p 00000000 00:00 0 
7f5417bb6000-7f5417bb7000 r--p 00022000 08:01 2621490                    /lib/x86_64-linux-gnu/ld-2.19.so
7f5417bb7000-7f5417bb8000 rw-p 00023000 08:01 2621490                    /lib/x86_64-linux-gnu/ld-2.19.so
7f5417bb8000-7f5417bb9000 rw-p 00000000 00:00 0 
7ffff7230000-7ffff7251000 rw-p 00000000 00:00 0                          [stack]
7ffff7368000-7ffff736a000 r-xp 00000000 00:00 0                          [vdso]
7ffff736a000-7ffff736c000 r--p 00000000 00:00 0                          [vvar]
ffffffffff600000-ffffffffff601000 r-xp 00000000 00:00 0                  [vsyscall]

VM Arguments:
java_command: org.hsqldb.util.DatabaseManager
java_class_path (initial): hsqldb.jar
Launcher Type: SUN_STANDARD

Environment Variables:
PATH=/usr/local/sbin:/usr/local/bin:/usr/sbin:/usr/bin:/sbin:/bin:/usr/games:/usr/local/games
SHELL=/bin/bash
DISPLAY=:0

Signal Handlers:
SIGSEGV: [libjvm.so+0xa83200], sa_mask[0]=11111111011111111101111111111110, sa_flags=SA_RESTART|SA_SIGINFO
SIGBUS: [libjvm.so+0xa83200], sa_mask[0]=11111111011111111101111111111110, sa_flags=SA_RESTART|SA_SIGINFO
SIGFPE: [libjvm.so+0x8cd920], sa_mask[0]=11111111011111111101111111111110, sa_flags=SA_RESTART|SA_SIGINFO
SIGPIPE: [libjvm.so+0x8cd920], sa_mask[0]=11111111011111111101111111111110, sa_flags=SA_RESTART|SA_SIGINFO
SIGXFSZ: [libjvm.so+0x8cd920], sa_mask[0]=11111111011111111101111111111110, sa_flags=SA_RESTART|SA_SIGINFO
SIGILL: [libjvm.so+0x8cd920], sa_mask[0]=11111111011111111101111111111110, sa_flags=SA_RESTART|SA_SIGINFO
SIGUSR1: SIG_DFL, sa_mask[0]=00000000000000000000000000000000, sa_flags=none
SIGUSR2: [libjvm.so+0x8cd7d0], sa_mask[0]=00000000000000000000000000000000, sa_flags=SA_RESTART|SA_SIGINFO
SIGHUP: [libjvm.so+0x8cd970], sa_mask[0]=11111111011111111101111111111110, sa_flags=SA_RESTART|SA_SIGINFO
SIGINT: SIG_IGN, sa_mask[0]=00000000000000000000000000000000, sa_flags=none
SIGTERM: [libjvm.so+0x8cd970], sa_mask[0]=11111111011111111101111111111110, sa_flags=SA_RESTART|SA_SIGINFO
SIGQUIT: [libjvm.so+0x8cd970], sa_mask[0]=11111111011111111101111111111110, sa_flags=SA_RESTART|SA_SIGINFO


---------------  S Y S T E M  ---------------

OS:DISTRIB_ID=Ubuntu
DISTRIB_RELEASE=14.10
DISTRIB_CODENAME=utopic
DISTRIB_DESCRIPTION="Ubuntu 14.10"

uname:Linux 3.16.0-30-generic #40-Ubuntu SMP Mon Jan 12 22:06:37 UTC 2015 x86_64
libc:glibc 2.19 NPTL 2.19 
rlimit: STACK 8192k, CORE 0k, NPROC 15651, NOFILE 4096, AS infinity
load average:1,72 1,88 1,40

/proc/meminfo:
MemTotal:        4028964 kB
MemFree:         1180900 kB
MemAvailable:    1818984 kB
Buffers:           80660 kB
Cached:           703364 kB
SwapCached:            0 kB
Active:          2246008 kB
Inactive:         433180 kB
Active(anon):    1896208 kB
Inactive(anon):     1944 kB
Active(file):     349800 kB
Inactive(file):   431236 kB
Unevictable:          32 kB
Mlocked:              32 kB
SwapTotal:       4174844 kB
SwapFree:        4174844 kB
Dirty:              5396 kB
Writeback:             0 kB
AnonPages:       1449996 kB
Mapped:           172032 kB
Shmem:              3092 kB
Slab:              79732 kB
SReclaimable:      51952 kB
SUnreclaim:        27780 kB
KernelStack:        8528 kB
PageTables:        12816 kB
NFS_Unstable:          0 kB
Bounce:                0 kB
WritebackTmp:          0 kB
CommitLimit:     6189324 kB
Committed_AS:    3112432 kB
VmallocTotal:   34359738367 kB
VmallocUsed:      309008 kB
VmallocChunk:   34359423996 kB
HardwareCorrupted:     0 kB
AnonHugePages:    923648 kB
HugePages_Total:       0
HugePages_Free:        0
HugePages_Rsvd:        0
HugePages_Surp:        0
Hugepagesize:       2048 kB
DirectMap4k:      102656 kB
DirectMap2M:     4073472 kB


CPU:total 4 (2 cores per cpu, 2 threads per core) family 6 model 42 stepping 7, cmov, cx8, fxsr, mmx, sse, sse2, sse3, ssse3, sse4.1, sse4.2, popcnt, avx, clmul, ht, tsc, tscinvbit

/proc/cpuinfo:
processor	: 0
vendor_id	: GenuineIntel
cpu family	: 6
model		: 42
model name	: Intel(R) Core(TM) i3-2310M CPU @ 2.10GHz
stepping	: 7
microcode	: 0x15
cpu MHz		: 2100.000
cache size	: 3072 KB
physical id	: 0
siblings	: 4
core id		: 0
cpu cores	: 2
apicid		: 0
initial apicid	: 0
fpu		: yes
fpu_exception	: yes
cpuid level	: 13
wp		: yes
flags		: fpu vme de pse tsc msr pae mce cx8 apic sep mtrr pge mca cmov pat pse36 clflush dts acpi mmx fxsr sse sse2 ss ht tm pbe syscall nx rdtscp lm constant_tsc arch_perfmon pebs bts rep_good nopl xtopology nonstop_tsc aperfmperf eagerfpu pni pclmulqdq dtes64 monitor ds_cpl vmx est tm2 ssse3 cx16 xtpr pdcm pcid sse4_1 sse4_2 x2apic popcnt tsc_deadline_timer xsave avx lahf_lm arat epb xsaveopt pln pts dtherm tpr_shadow vnmi flexpriority ept vpid
bogomips	: 4190.60
clflush size	: 64
cache_alignment	: 64
address sizes	: 36 bits physical, 48 bits virtual
power management:

processor	: 1
vendor_id	: GenuineIntel
cpu family	: 6
model		: 42
model name	: Intel(R) Core(TM) i3-2310M CPU @ 2.10GHz
stepping	: 7
microcode	: 0x15
cpu MHz		: 2100.000
cache size	: 3072 KB
physical id	: 0
siblings	: 4
core id		: 0
cpu cores	: 2
apicid		: 1
initial apicid	: 1
fpu		: yes
fpu_exception	: yes
cpuid level	: 13
wp		: yes
flags		: fpu vme de pse tsc msr pae mce cx8 apic sep mtrr pge mca cmov pat pse36 clflush dts acpi mmx fxsr sse sse2 ss ht tm pbe syscall nx rdtscp lm constant_tsc arch_perfmon pebs bts rep_good nopl xtopology nonstop_tsc aperfmperf eagerfpu pni pclmulqdq dtes64 monitor ds_cpl vmx est tm2 ssse3 cx16 xtpr pdcm pcid sse4_1 sse4_2 x2apic popcnt tsc_deadline_timer xsave avx lahf_lm arat epb xsaveopt pln pts dtherm tpr_shadow vnmi flexpriority ept vpid
bogomips	: 4190.60
clflush size	: 64
cache_alignment	: 64
address sizes	: 36 bits physical, 48 bits virtual
power management:

processor	: 2
vendor_id	: GenuineIntel
cpu family	: 6
model		: 42
model name	: Intel(R) Core(TM) i3-2310M CPU @ 2.10GHz
stepping	: 7
microcode	: 0x15
cpu MHz		: 2100.000
cache size	: 3072 KB
physical id	: 0
siblings	: 4
core id		: 1
cpu cores	: 2
apicid		: 2
initial apicid	: 2
fpu		: yes
fpu_exception	: yes
cpuid level	: 13
wp		: yes
flags		: fpu vme de pse tsc msr pae mce cx8 apic sep mtrr pge mca cmov pat pse36 clflush dts acpi mmx fxsr sse sse2 ss ht tm pbe syscall nx rdtscp lm constant_tsc arch_perfmon pebs bts rep_good nopl xtopology nonstop_tsc aperfmperf eagerfpu pni pclmulqdq dtes64 monitor ds_cpl vmx est tm2 ssse3 cx16 xtpr pdcm pcid sse4_1 sse4_2 x2apic popcnt tsc_deadline_timer xsave avx lahf_lm arat epb xsaveopt pln pts dtherm tpr_shadow vnmi flexpriority ept vpid
bogomips	: 4190.60
clflush size	: 64
cache_alignment	: 64
address sizes	: 36 bits physical, 48 bits virtual
power management:

processor	: 3
vendor_id	: GenuineIntel
cpu family	: 6
model		: 42
model name	: Intel(R) Core(TM) i3-2310M CPU @ 2.10GHz
stepping	: 7
microcode	: 0x15
cpu MHz		: 2100.000
cache size	: 3072 KB
physical id	: 0
siblings	: 4
core id		: 1
cpu cores	: 2
apicid		: 3
initial apicid	: 3
fpu		: yes
fpu_exception	: yes
cpuid level	: 13
wp		: yes
flags		: fpu vme de pse tsc msr pae mce cx8 apic sep mtrr pge mca cmov pat pse36 clflush dts acpi mmx fxsr sse sse2 ss ht tm pbe syscall nx rdtscp lm constant_tsc arch_perfmon pebs bts rep_good nopl xtopology nonstop_tsc aperfmperf eagerfpu pni pclmulqdq dtes64 monitor ds_cpl vmx est tm2 ssse3 cx16 xtpr pdcm pcid sse4_1 sse4_2 x2apic popcnt tsc_deadline_timer xsave avx lahf_lm arat epb xsaveopt pln pts dtherm tpr_shadow vnmi flexpriority ept vpid
bogomips	: 4190.60
clflush size	: 64
cache_alignment	: 64
address sizes	: 36 bits physical, 48 bits virtual
power management:



Memory: 4k page, physical 4028964k(1865752k free), swap 4174844k(4174844k free)

vm_info: OpenJDK 64-Bit Server VM (25.40-b13) for linux-amd64 JRE (1.8.0_40-internal-b09), built on Oct 14 2014 17:09:13 by "buildd" with gcc 4.9.1

time: Mon Feb  2 19:17:48 2015
elapsed time: 639 seconds (0d 0h 10m 39s)

